2015-05-01 18:41:10,086 [Start Help Server] INFO  org.eclipse.jetty.server.Server - jetty-8.1.16.v20140903
2015-05-01 18:41:13,612 [Start Help Server] INFO  o.e.jetty.server.AbstractConnector - Started SelectChannelConnector@127.0.0.1:1335
2015-05-01 18:43:43,029 [Stop Help Server] INFO  o.e.j.server.handler.ContextHandler - stopped o.e.j.s.ServletContextHandler{/help,null}
2015-05-02 18:57:24,586 [Worker-1] ERROR org.eclipse.jgit.util.FS - Caught exception in FS.readPipe()
java.io.IOException: Cannot run program "bash" (in directory "C:\Users\Care"): CreateProcess error=2, Navedene datoteke ni mogoèe najti
	at java.lang.ProcessBuilder.start(Unknown Source) ~[na:1.8.0_25]
	at java.lang.Runtime.exec(Unknown Source) ~[na:1.8.0_25]
	at org.eclipse.jgit.util.FS.readPipe(FS.java:415) [org.eclipse.jgit_4.0.0.201503231230-m1.jar:4.0.0.201503231230-m1]
	at org.eclipse.jgit.util.FS_Win32.discoverGitPrefix(FS_Win32.java:117) [org.eclipse.jgit_4.0.0.201503231230-m1.jar:4.0.0.201503231230-m1]
	at org.eclipse.jgit.util.FS.gitPrefix(FS.java:501) [org.eclipse.jgit_4.0.0.201503231230-m1.jar:4.0.0.201503231230-m1]
	at org.eclipse.jgit.util.SystemReader$Default.openSystemConfig(SystemReader.java:92) [org.eclipse.jgit_4.0.0.201503231230-m1.jar:4.0.0.201503231230-m1]
	at org.eclipse.jgit.internal.storage.file.FileRepository.<init>(FileRepository.java:171) [org.eclipse.jgit_4.0.0.201503231230-m1.jar:4.0.0.201503231230-m1]
	at org.eclipse.jgit.storage.file.FileRepositoryBuilder.build(FileRepositoryBuilder.java:92) [org.eclipse.jgit_4.0.0.201503231230-m1.jar:4.0.0.201503231230-m1]
	at org.eclipse.jgit.storage.file.FileRepositoryBuilder.create(FileRepositoryBuilder.java:110) [org.eclipse.jgit_4.0.0.201503231230-m1.jar:4.0.0.201503231230-m1]
	at org.eclipse.egit.core.RepositoryCache.lookupRepository(RepositoryCache.java:55) [org.eclipse.egit.core_4.0.0.201503231230-m1.jar:na]
	at org.eclipse.egit.core.project.GitProjectData.map(GitProjectData.java:505) [org.eclipse.egit.core_4.0.0.201503231230-m1.jar:na]
	at org.eclipse.egit.core.project.GitProjectData.remapAll(GitProjectData.java:473) [org.eclipse.egit.core_4.0.0.201503231230-m1.jar:na]
	at org.eclipse.egit.core.project.GitProjectData.load(GitProjectData.java:466) [org.eclipse.egit.core_4.0.0.201503231230-m1.jar:na]
	at org.eclipse.egit.core.project.GitProjectData.get(GitProjectData.java:206) [org.eclipse.egit.core_4.0.0.201503231230-m1.jar:na]
	at org.eclipse.egit.core.GitProvider.getData(GitProvider.java:86) [org.eclipse.egit.core_4.0.0.201503231230-m1.jar:na]
	at org.eclipse.egit.core.project.RepositoryMapping.getMapping(RepositoryMapping.java:314) [org.eclipse.egit.core_4.0.0.201503231230-m1.jar:na]
	at org.eclipse.egit.core.Activator$IgnoreDerivedResources$1.visit(Activator.java:437) [org.eclipse.egit.core_4.0.0.201503231230-m1.jar:na]
	at org.eclipse.core.internal.events.ResourceDelta.accept(ResourceDelta.java:63) [org.eclipse.core.resources_3.9.100.v20150313-1707.jar:na]
	at org.eclipse.core.internal.events.ResourceDelta.accept(ResourceDelta.java:74) [org.eclipse.core.resources_3.9.100.v20150313-1707.jar:na]
	at org.eclipse.core.internal.events.ResourceDelta.accept(ResourceDelta.java:47) [org.eclipse.core.resources_3.9.100.v20150313-1707.jar:na]
	at org.eclipse.egit.core.Activator$IgnoreDerivedResources.resourceChanged(Activator.java:422) [org.eclipse.egit.core_4.0.0.201503231230-m1.jar:na]
	at org.eclipse.core.internal.events.NotificationManager$1.run(NotificationManager.java:299) [org.eclipse.core.resources_3.9.100.v20150313-1707.jar:na]
	at org.eclipse.core.runtime.SafeRunner.run(SafeRunner.java:42) [org.eclipse.equinox.common_3.7.0.v20150318-1503.jar:na]
	at org.eclipse.core.internal.events.NotificationManager.notify(NotificationManager.java:289) [org.eclipse.core.resources_3.9.100.v20150313-1707.jar:na]
	at org.eclipse.core.internal.events.NotificationManager.broadcastChanges(NotificationManager.java:152) [org.eclipse.core.resources_3.9.100.v20150313-1707.jar:na]
	at org.eclipse.core.internal.resources.Workspace.broadcastPostChange(Workspace.java:373) [org.eclipse.core.resources_3.9.100.v20150313-1707.jar:na]
	at org.eclipse.core.internal.resources.Workspace.endOperation(Workspace.java:1470) [org.eclipse.core.resources_3.9.100.v20150313-1707.jar:na]
	at org.eclipse.core.internal.resources.Workspace.run(Workspace.java:2250) [org.eclipse.core.resources_3.9.100.v20150313-1707.jar:na]
	at org.eclipse.core.internal.events.NotificationManager$NotifyJob.run(NotificationManager.java:43) [org.eclipse.core.resources_3.9.100.v20150313-1707.jar:na]
	at org.eclipse.core.internal.jobs.Worker.run(Worker.java:55) [org.eclipse.core.jobs_3.7.0.v20150316-1238.jar:na]
Caused by: java.io.IOException: CreateProcess error=2, Navedene datoteke ni mogoèe najti
	at java.lang.ProcessImpl.create(Native Method) ~[na:1.8.0_25]
	at java.lang.ProcessImpl.<init>(Unknown Source) ~[na:1.8.0_25]
	at java.lang.ProcessImpl.start(Unknown Source) ~[na:1.8.0_25]
	... 30 common frames omitted
